c:\users\madmilla\documents\github\controller\controller\x64\release\vc120.pdb
c:\users\madmilla\documents\github\controller\controller\x64\release\main.obj
c:\users\madmilla\documents\github\controller\controller\x64\release\example.obj
c:\users\madmilla\documents\github\controller\controller\x64\release\general.obj
c:\users\madmilla\documents\github\controller\controller\x64\release\shadow_lighting.obj
c:\users\madmilla\documents\github\lazaretto\controller\x64\release\vc120.pdb
c:\users\madmilla\documents\github\lazaretto\controller\x64\release\shadow_lighting.obj
c:\users\madmilla\documents\github\lazaretto\controller\x64\release\overexposure.obj
c:\users\madmilla\documents\github\lazaretto\controller\x64\release\general.obj
c:\users\madmilla\documents\github\lazaretto\controller\x64\release\example.obj
c:\users\madmilla\documents\github\lazaretto\controller\x64\release\main.obj
c:\users\madmilla\documents\github\lazaretto\controller\x64\release\filter.obj
c:\users\madmilla\documents\github\lazaretto\controller\x64\release\colorspace.obj
c:\users\madmilla\documents\github\controller\x64\release\controller.exe
c:\users\madmilla\documents\github\controller\x64\release\controller.pdb
c:\users\madmilla\documents\github\lazaretto\x64\release\controller.exe
c:\users\madmilla\documents\github\lazaretto\x64\release\controller.pdb
c:\users\madmilla\documents\github\lazaretto\controller\x64\release\controller.tlog\cl.command.1.tlog
c:\users\madmilla\documents\github\lazaretto\controller\x64\release\controller.tlog\cl.read.1.tlog
c:\users\madmilla\documents\github\lazaretto\controller\x64\release\controller.tlog\cl.write.1.tlog
c:\users\madmilla\documents\github\lazaretto\controller\x64\release\controller.tlog\link.command.1.tlog
c:\users\madmilla\documents\github\lazaretto\controller\x64\release\controller.tlog\link.read.1.tlog
c:\users\madmilla\documents\github\lazaretto\controller\x64\release\controller.tlog\link.write.1.tlog
