c:\users\madmilla\documents\github\lazaretto\gui\guiapp\x64\release\vc120.pdb
c:\users\madmilla\documents\github\lazaretto\gui\guiapp\x64\release\opticalcharacterrecognition2.obj
c:\users\madmilla\documents\github\lazaretto\gui\guiapp\x64\release\ocr2_tictactoeocr.obj
c:\users\madmilla\documents\github\lazaretto\gui\guiapp\x64\release\ocr2_staticocr2.obj
c:\users\madmilla\documents\github\lazaretto\gui\guiapp\x64\release\ocr2_staticocr.obj
c:\users\madmilla\documents\github\lazaretto\gui\guiapp\x64\release\ocr2_segmentation.obj
c:\users\madmilla\documents\github\lazaretto\gui\guiapp\x64\release\ocr2_intersectionocr.obj
c:\users\madmilla\documents\github\lazaretto\gui\guiapp\x64\release\ocr2_imageresizer.obj
c:\users\madmilla\documents\github\lazaretto\gui\guiapp\x64\release\ocr2_histogramocr.obj
c:\users\madmilla\documents\github\lazaretto\gui\guiapp\x64\release\ocr2_histogram.obj
c:\users\madmilla\documents\github\lazaretto\gui\guiapp\x64\release\filedata.obj
c:\users\madmilla\documents\github\lazaretto\gui\guiapp\x64\release\splitlicenseplate.obj
c:\users\madmilla\documents\github\lazaretto\gui\guiapp\x64\release\ocrpatternmatching.obj
c:\users\madmilla\documents\github\lazaretto\gui\guiapp\x64\release\yellowcolorfilter.obj
c:\users\madmilla\documents\github\lazaretto\gui\guiapp\x64\release\localization.obj
c:\users\madmilla\documents\github\lazaretto\gui\guiapp\x64\release\blobdetection.obj
c:\users\madmilla\documents\github\lazaretto\gui\guiapp\x64\release\blobcheck.obj
c:\users\madmilla\documents\github\lazaretto\gui\guiapp\x64\release\blob.obj
c:\users\madmilla\documents\github\lazaretto\gui\guiapp\x64\release\general.obj
c:\users\madmilla\documents\github\lazaretto\gui\guiapp\x64\release\stopwatch.obj
c:\users\madmilla\documents\github\lazaretto\gui\guiapp\x64\release\shadow_lighting.obj
c:\users\madmilla\documents\github\lazaretto\gui\guiapp\x64\release\shadowtest.obj
c:\users\madmilla\documents\github\lazaretto\gui\guiapp\x64\release\removelight.obj
c:\users\madmilla\documents\github\lazaretto\gui\guiapp\x64\release\overexposure_test.obj
c:\users\madmilla\documents\github\lazaretto\gui\guiapp\x64\release\thresholddetermination.obj
c:\users\madmilla\documents\github\lazaretto\gui\guiapp\x64\release\matrix6x6.obj
c:\users\madmilla\documents\github\lazaretto\gui\guiapp\x64\release\matrix.obj
c:\users\madmilla\documents\github\lazaretto\gui\guiapp\x64\release\imagetransform.obj
c:\users\madmilla\documents\github\lazaretto\gui\guiapp\x64\release\imagecorrection.obj
c:\users\madmilla\documents\github\lazaretto\gui\guiapp\x64\release\calchorizonline.obj
c:\users\madmilla\documents\github\lazaretto\gui\guiapp\x64\release\neuronlayer.obj
c:\users\madmilla\documents\github\lazaretto\gui\guiapp\x64\release\neuralnetworkocr.obj
c:\users\madmilla\documents\github\lazaretto\gui\guiapp\x64\release\neuralnetwork.obj
c:\users\madmilla\documents\github\lazaretto\gui\guiapp\x64\release\checkpatterns.obj
c:\users\madmilla\documents\github\lazaretto\gui\guiapp\x64\release\myform.obj
c:\users\madmilla\documents\github\lazaretto\gui\guiapp\x64\release\main.obj
c:\users\madmilla\documents\github\lazaretto\gui\guiapp\x64\release\controller.obj
c:\users\madmilla\documents\github\lazaretto\gui\guiapp\x64\release\.netframework,version=v4.5.assemblyattributes.obj
c:\users\madmilla\documents\github\lazaretto\gui\guiapp\x64\release\guiapp.myform.resources
c:\users\madmilla\documents\github\lazaretto\gui\guiapp\x64\release\guiapp.vcxproj.generateresource.cache
c:\users\madmilla\documents\github\lazaretto\gui\guiapp\x64\release\guiapp.vcxprojresolveassemblyreference.cache
c:\users\madmilla\documents\github\lazaretto\gui\x64\release\guiapp.pdb
c:\users\madmilla\documents\github\lazaretto\gui\guiapp\x64\release\guiapp.tlog\cl.command.1.tlog
c:\users\madmilla\documents\github\lazaretto\gui\guiapp\x64\release\guiapp.tlog\cl.read.1.tlog
c:\users\madmilla\documents\github\lazaretto\gui\guiapp\x64\release\guiapp.tlog\cl.write.1.tlog
c:\users\madmilla\documents\github\lazaretto\gui\guiapp\x64\release\guiapp.tlog\guiapp.write.1u.tlog
c:\users\madmilla\documents\github\lazaretto\gui\guiapp\x64\release\guiapp.tlog\link.29984.read.1.tlog
c:\users\madmilla\documents\github\lazaretto\gui\guiapp\x64\release\guiapp.tlog\link.29984.write.1.tlog
c:\users\madmilla\documents\github\lazaretto\gui\guiapp\x64\release\guiapp.tlog\link.command.1.tlog
c:\users\madmilla\documents\github\lazaretto\gui\guiapp\x64\release\guiapp.tlog\link.read.1.tlog
c:\users\madmilla\documents\github\lazaretto\gui\guiapp\x64\release\guiapp.tlog\link.write.1.tlog
c:\users\madmilla\documents\github\lazaretto\gui\guiapp\x64\release\guiapp.tlog\metagen.read.1.tlog
c:\users\madmilla\documents\github\lazaretto\gui\guiapp\x64\release\guiapp.tlog\metagen.write.1.tlog
c:\users\madmilla\documents\github\lazaretto\gui\guiapp\x64\release\guiapp.tlog\rsaenh.dll.bi
c:\users\madmilla\documents\github\lazaretto\gui\guiapp\x64\release\guiapp.tlog\tzres.dll.bi
