Build started 14-4-2014 11:15:21.
     1>Project "C:\Users\Madmilla\Documents\GitHub\Lazaretto\GUI\guiApp\guiApp.vcxproj" on node 2 (Build target(s)).
     1>ClCompile:
         C:\Program Files (x86)\Microsoft Visual Studio 12.0\VC\bin\x86_amd64\CL.exe /c /IC:\Users\Madmilla\Documents\GitHub\Lazaretto\GUI\packages\imagelibutils.0.1\build\native\../..//build/native/include/ /IC:\Users\Madmilla\Documents\GitHub\Lazaretto\GUI\packages\imagelib.0.8\build\native\../..//build/native/include/ /AI"C:\Program Files (x86)\Reference Assemblies\Microsoft\Framework\.NETFramework\v4.5\\" /AI"C:\Program Files (x86)\Windows Kits\8.1\References\CommonConfiguration\Neutral" /AI"C:\Program Files (x86)\Reference Assemblies\Microsoft\Framework\.NETFramework\v4.5\Facades\\" /Zi /clr /nologo /W3 /WX- /O2 /D WIN32 /D NDEBUG /D _MBCS /EHa /MD /GS /fp:precise /Zc:wchar_t /Zc:forScope /Fo"x64\Release\\" /Fd"x64\Release\vc120.pdb" /TP /FU"C:\Program Files (x86)\Reference Assemblies\Microsoft\Framework\.NETFramework\v4.5\mscorlib.dll" /FU"C:\Program Files (x86)\Reference Assemblies\Microsoft\Framework\.NETFramework\v4.5\System.Data.dll" /FU"C:\Program Files (x86)\Reference Assemblies\Microsoft\Framework\.NETFramework\v4.5\System.dll" /FU"C:\Program Files (x86)\Reference Assemblies\Microsoft\Framework\.NETFramework\v4.5\System.Drawing.dll" /FU"C:\Program Files (x86)\Reference Assemblies\Microsoft\Framework\.NETFramework\v4.5\System.Windows.Forms.dll" /FU"C:\Program Files (x86)\Reference Assemblies\Microsoft\Framework\.NETFramework\v4.5\System.Xml.dll" /errorReport:prompt /clr:nostdlib controller.cpp
         controller.cpp
     1>c:\users\madmilla\documents\github\lazaretto\gui\guiapp\OCRNN/NeuralNetworkOCR.h(32): warning C4237: 'export' keyword is not yet supported, but reserved for future use
     1>controller.cpp(29): warning C4996: 'strcpy': This function or variable may be unsafe. Consider using strcpy_s instead. To disable deprecation, use _CRT_SECURE_NO_WARNINGS. See online help for details.
                 C:\Program Files (x86)\Microsoft Visual Studio 12.0\VC\include\string.h(112) : see declaration of 'strcpy'
     1>controller.cpp(56): warning C4244: 'initializing' : conversion from 'double' to 'int', possible loss of data
     1>controller.cpp(99): warning C4244: 'initializing' : conversion from 'int' to 'float', possible loss of data
     1>controller.cpp(41): warning C4101: 'gE' : unreferenced local variable
     1>controller.cpp(42): warning C4101: 'gE' : unreferenced local variable
     1>controller.cpp(68): warning C4101: 'lE' : unreferenced local variable
     1>controller.cpp(106): warning C4101: 'lE' : unreferenced local variable
     1>controller.cpp(139): warning C4101: 'lE' : unreferenced local variable
     1>controller.cpp(164): warning C4101: 'ex' : unreferenced local variable
     1>controller.cpp(202): warning C4244: 'initializing' : conversion from 'double' to 'int', possible loss of data
     1>controller.cpp(209): warning C4101: 'lE' : unreferenced local variable
       Link:
         C:\Program Files (x86)\Microsoft Visual Studio 12.0\VC\bin\x86_amd64\link.exe /ERRORREPORT:PROMPT /OUT:"C:\Users\Madmilla\Documents\GitHub\Lazaretto\GUI\x64\Release\guiApp.exe" /INCREMENTAL:NO /NOLOGO C:\Users\Madmilla\Documents\GitHub\Lazaretto\GUI\packages\imagelib.0.8\build\native\../..//build/native/lib/x64\Release\zlib.lib C:\Users\Madmilla\Documents\GitHub\Lazaretto\GUI\packages\imagelib.0.8\build\native\../..//build/native/lib/x64\Release\libpng.lib C:\Users\Madmilla\Documents\GitHub\Lazaretto\GUI\packages\imagelib.0.8\build\native\../..//build/native/lib/x64\Release\jpeg.lib C:\Users\Madmilla\Documents\GitHub\Lazaretto\GUI\packages\imagelib.0.8\build\native\../..//build/native/lib/x64\Release\ImageLib.lib kernel32.lib user32.lib gdi32.lib winspool.lib comdlg32.lib advapi32.lib shell32.lib ole32.lib oleaut32.lib uuid.lib odbc32.lib odbccp32.lib /ASSEMBLYRESOURCE:x64\Release\guiApp.MyForm.resources /MANIFEST /MANIFESTUAC:"level='asInvoker' uiAccess='false'" /manifest:embed /DEBUG /PDB:"C:\Users\Madmilla\Documents\GitHub\Lazaretto\GUI\x64\Release\guiApp.pdb" /SUBSYSTEM:WINDOWS /TLBID:1 /DYNAMICBASE /FIXED:NO /NXCOMPAT /MACHINE:X64 x64\Release\controller.obj
         x64\Release\Blob.obj
         x64\Release\BlobCheck.obj
         x64\Release\BlobDetection.obj
         x64\Release\localization.obj
         x64\Release\YellowColorFilter.obj
         x64\Release\main.obj
         x64\Release\MyForm.obj
         x64\Release\OCRPatternMatching.obj
         x64\Release\SplitLicensePlate.obj
         x64\Release\FileData.obj
         x64\Release\OCR2_Histogram.obj
         x64\Release\OCR2_HistogramOCR.obj
         x64\Release\OCR2_ImageResizer.obj
         x64\Release\OCR2_IntersectionOCR.obj
         x64\Release\OCR2_Segmentation.obj
         x64\Release\OCR2_StaticOCR.obj
         x64\Release\OCR2_StaticOCR2.obj
         x64\Release\OCR2_TicTacToeOCR.obj
         x64\Release\OpticalCharacterRecognition2.obj
         x64\Release\CheckPatterns.obj
         x64\Release\ImageList.obj
         x64\Release\NeuralNetwork.obj
         x64\Release\NeuralNetworkOCR.obj
         x64\Release\NeuronLayer.obj
         x64\Release\CalcHorizonLine.obj
         x64\Release\imageCorrection.obj
         x64\Release\imageTransform.obj
         x64\Release\matrix.obj
         x64\Release\Matrix6x6.obj
         x64\Release\thresholdDetermination.obj
         x64\Release\Overexposure_Test.obj
         x64\Release\RemoveLight.obj
         x64\Release\ShadowTest.obj
         x64\Release\shadow_lighting.obj
         x64\Release\stopwatch.obj
         x64\Release\general.obj
         "x64\Release\.NETFramework,Version=v4.5.AssemblyAttributes.obj"
         ImageLib.lib(ImageLoader.obj) : MSIL .netmodule or module compiled with /GL found; restarting link with /LTCG; add /LTCG to the link command line to improve linker performance
         Generating code
         Finished generating code
     1>ImageLib.lib(ImageLoader.obj) : warning LNK4099: PDB 'vc120.pdb' was not found with 'ImageLib.lib(ImageLoader.obj)' or at 'C:\Users\Madmilla\Documents\GitHub\Lazaretto\GUI\x64\Release\vc120.pdb'; linking object as if no debug info
     1>ImageLib.lib(Examples.obj) : warning LNK4099: PDB 'vc120.pdb' was not found with 'ImageLib.lib(Examples.obj)' or at 'C:\Users\Madmilla\Documents\GitHub\Lazaretto\GUI\x64\Release\vc120.pdb'; linking object as if no debug info
     1>ImageLib.lib(Image.obj) : warning LNK4099: PDB 'vc120.pdb' was not found with 'ImageLib.lib(Image.obj)' or at 'C:\Users\Madmilla\Documents\GitHub\Lazaretto\GUI\x64\Release\vc120.pdb'; linking object as if no debug info
     1>jpeg.lib(jcomapi.obj) : warning LNK4099: PDB 'vc120.pdb' was not found with 'jpeg.lib(jcomapi.obj)' or at 'C:\Users\Madmilla\Documents\GitHub\Lazaretto\GUI\x64\Release\vc120.pdb'; linking object as if no debug info
     1>jpeg.lib(jdapistd.obj) : warning LNK4099: PDB 'vc120.pdb' was not found with 'jpeg.lib(jdapistd.obj)' or at 'C:\Users\Madmilla\Documents\GitHub\Lazaretto\GUI\x64\Release\vc120.pdb'; linking object as if no debug info
     1>jpeg.lib(jdatasrc.obj) : warning LNK4099: PDB 'vc120.pdb' was not found with 'jpeg.lib(jdatasrc.obj)' or at 'C:\Users\Madmilla\Documents\GitHub\Lazaretto\GUI\x64\Release\vc120.pdb'; linking object as if no debug info
     1>jpeg.lib(jdapimin.obj) : warning LNK4099: PDB 'vc120.pdb' was not found with 'jpeg.lib(jdapimin.obj)' or at 'C:\Users\Madmilla\Documents\GitHub\Lazaretto\GUI\x64\Release\vc120.pdb'; linking object as if no debug info
     1>jpeg.lib(jcparam.obj) : warning LNK4099: PDB 'vc120.pdb' was not found with 'jpeg.lib(jcparam.obj)' or at 'C:\Users\Madmilla\Documents\GitHub\Lazaretto\GUI\x64\Release\vc120.pdb'; linking object as if no debug info
     1>jpeg.lib(jcapimin.obj) : warning LNK4099: PDB 'vc120.pdb' was not found with 'jpeg.lib(jcapimin.obj)' or at 'C:\Users\Madmilla\Documents\GitHub\Lazaretto\GUI\x64\Release\vc120.pdb'; linking object as if no debug info
     1>jpeg.lib(jcapistd.obj) : warning LNK4099: PDB 'vc120.pdb' was not found with 'jpeg.lib(jcapistd.obj)' or at 'C:\Users\Madmilla\Documents\GitHub\Lazaretto\GUI\x64\Release\vc120.pdb'; linking object as if no debug info
     1>jpeg.lib(jdatadst.obj) : warning LNK4099: PDB 'vc120.pdb' was not found with 'jpeg.lib(jdatadst.obj)' or at 'C:\Users\Madmilla\Documents\GitHub\Lazaretto\GUI\x64\Release\vc120.pdb'; linking object as if no debug info
     1>jpeg.lib(jerror.obj) : warning LNK4099: PDB 'vc120.pdb' was not found with 'jpeg.lib(jerror.obj)' or at 'C:\Users\Madmilla\Documents\GitHub\Lazaretto\GUI\x64\Release\vc120.pdb'; linking object as if no debug info
     1>jpeg.lib(jdmaster.obj) : warning LNK4099: PDB 'vc120.pdb' was not found with 'jpeg.lib(jdmaster.obj)' or at 'C:\Users\Madmilla\Documents\GitHub\Lazaretto\GUI\x64\Release\vc120.pdb'; linking object as if no debug info
     1>jpeg.lib(jdmarker.obj) : warning LNK4099: PDB 'vc120.pdb' was not found with 'jpeg.lib(jdmarker.obj)' or at 'C:\Users\Madmilla\Documents\GitHub\Lazaretto\GUI\x64\Release\vc120.pdb'; linking object as if no debug info
     1>jpeg.lib(jdinput.obj) : warning LNK4099: PDB 'vc120.pdb' was not found with 'jpeg.lib(jdinput.obj)' or at 'C:\Users\Madmilla\Documents\GitHub\Lazaretto\GUI\x64\Release\vc120.pdb'; linking object as if no debug info
     1>jpeg.lib(jmemmgr.obj) : warning LNK4099: PDB 'vc120.pdb' was not found with 'jpeg.lib(jmemmgr.obj)' or at 'C:\Users\Madmilla\Documents\GitHub\Lazaretto\GUI\x64\Release\vc120.pdb'; linking object as if no debug info
     1>jpeg.lib(jutils.obj) : warning LNK4099: PDB 'vc120.pdb' was not found with 'jpeg.lib(jutils.obj)' or at 'C:\Users\Madmilla\Documents\GitHub\Lazaretto\GUI\x64\Release\vc120.pdb'; linking object as if no debug info
     1>jpeg.lib(jcmarker.obj) : warning LNK4099: PDB 'vc120.pdb' was not found with 'jpeg.lib(jcmarker.obj)' or at 'C:\Users\Madmilla\Documents\GitHub\Lazaretto\GUI\x64\Release\vc120.pdb'; linking object as if no debug info
     1>jpeg.lib(jcinit.obj) : warning LNK4099: PDB 'vc120.pdb' was not found with 'jpeg.lib(jcinit.obj)' or at 'C:\Users\Madmilla\Documents\GitHub\Lazaretto\GUI\x64\Release\vc120.pdb'; linking object as if no debug info
     1>jpeg.lib(jdhuff.obj) : warning LNK4099: PDB 'vc120.pdb' was not found with 'jpeg.lib(jdhuff.obj)' or at 'C:\Users\Madmilla\Documents\GitHub\Lazaretto\GUI\x64\Release\vc120.pdb'; linking object as if no debug info
     1>jpeg.lib(jquant1.obj) : warning LNK4099: PDB 'vc120.pdb' was not found with 'jpeg.lib(jquant1.obj)' or at 'C:\Users\Madmilla\Documents\GitHub\Lazaretto\GUI\x64\Release\vc120.pdb'; linking object as if no debug info
     1>jpeg.lib(jddctmgr.obj) : warning LNK4099: PDB 'vc120.pdb' was not found with 'jpeg.lib(jddctmgr.obj)' or at 'C:\Users\Madmilla\Documents\GitHub\Lazaretto\GUI\x64\Release\vc120.pdb'; linking object as if no debug info
     1>jpeg.lib(jdsample.obj) : warning LNK4099: PDB 'vc120.pdb' was not found with 'jpeg.lib(jdsample.obj)' or at 'C:\Users\Madmilla\Documents\GitHub\Lazaretto\GUI\x64\Release\vc120.pdb'; linking object as if no debug info
     1>jpeg.lib(jdarith.obj) : warning LNK4099: PDB 'vc120.pdb' was not found with 'jpeg.lib(jdarith.obj)' or at 'C:\Users\Madmilla\Documents\GitHub\Lazaretto\GUI\x64\Release\vc120.pdb'; linking object as if no debug info
     1>jpeg.lib(jdcolor.obj) : warning LNK4099: PDB 'vc120.pdb' was not found with 'jpeg.lib(jdcolor.obj)' or at 'C:\Users\Madmilla\Documents\GitHub\Lazaretto\GUI\x64\Release\vc120.pdb'; linking object as if no debug info
     1>jpeg.lib(jdcoefct.obj) : warning LNK4099: PDB 'vc120.pdb' was not found with 'jpeg.lib(jdcoefct.obj)' or at 'C:\Users\Madmilla\Documents\GitHub\Lazaretto\GUI\x64\Release\vc120.pdb'; linking object as if no debug info
     1>jpeg.lib(jquant2.obj) : warning LNK4099: PDB 'vc120.pdb' was not found with 'jpeg.lib(jquant2.obj)' or at 'C:\Users\Madmilla\Documents\GitHub\Lazaretto\GUI\x64\Release\vc120.pdb'; linking object as if no debug info
     1>jpeg.lib(jdmerge.obj) : warning LNK4099: PDB 'vc120.pdb' was not found with 'jpeg.lib(jdmerge.obj)' or at 'C:\Users\Madmilla\Documents\GitHub\Lazaretto\GUI\x64\Release\vc120.pdb'; linking object as if no debug info
     1>jpeg.lib(jdmainct.obj) : warning LNK4099: PDB 'vc120.pdb' was not found with 'jpeg.lib(jdmainct.obj)' or at 'C:\Users\Madmilla\Documents\GitHub\Lazaretto\GUI\x64\Release\vc120.pdb'; linking object as if no debug info
     1>jpeg.lib(jdpostct.obj) : warning LNK4099: PDB 'vc120.pdb' was not found with 'jpeg.lib(jdpostct.obj)' or at 'C:\Users\Madmilla\Documents\GitHub\Lazaretto\GUI\x64\Release\vc120.pdb'; linking object as if no debug info
     1>jpeg.lib(jmemnobs.obj) : warning LNK4099: PDB 'vc120.pdb' was not found with 'jpeg.lib(jmemnobs.obj)' or at 'C:\Users\Madmilla\Documents\GitHub\Lazaretto\GUI\x64\Release\vc120.pdb'; linking object as if no debug info
     1>jpeg.lib(jccolor.obj) : warning LNK4099: PDB 'vc120.pdb' was not found with 'jpeg.lib(jccolor.obj)' or at 'C:\Users\Madmilla\Documents\GitHub\Lazaretto\GUI\x64\Release\vc120.pdb'; linking object as if no debug info
     1>jpeg.lib(jcarith.obj) : warning LNK4099: PDB 'vc120.pdb' was not found with 'jpeg.lib(jcarith.obj)' or at 'C:\Users\Madmilla\Documents\GitHub\Lazaretto\GUI\x64\Release\vc120.pdb'; linking object as if no debug info
     1>jpeg.lib(jcmainct.obj) : warning LNK4099: PDB 'vc120.pdb' was not found with 'jpeg.lib(jcmainct.obj)' or at 'C:\Users\Madmilla\Documents\GitHub\Lazaretto\GUI\x64\Release\vc120.pdb'; linking object as if no debug info
     1>jpeg.lib(jcmaster.obj) : warning LNK4099: PDB 'vc120.pdb' was not found with 'jpeg.lib(jcmaster.obj)' or at 'C:\Users\Madmilla\Documents\GitHub\Lazaretto\GUI\x64\Release\vc120.pdb'; linking object as if no debug info
     1>jpeg.lib(jccoefct.obj) : warning LNK4099: PDB 'vc120.pdb' was not found with 'jpeg.lib(jccoefct.obj)' or at 'C:\Users\Madmilla\Documents\GitHub\Lazaretto\GUI\x64\Release\vc120.pdb'; linking object as if no debug info
     1>jpeg.lib(jcprepct.obj) : warning LNK4099: PDB 'vc120.pdb' was not found with 'jpeg.lib(jcprepct.obj)' or at 'C:\Users\Madmilla\Documents\GitHub\Lazaretto\GUI\x64\Release\vc120.pdb'; linking object as if no debug info
     1>jpeg.lib(jcdctmgr.obj) : warning LNK4099: PDB 'vc120.pdb' was not found with 'jpeg.lib(jcdctmgr.obj)' or at 'C:\Users\Madmilla\Documents\GitHub\Lazaretto\GUI\x64\Release\vc120.pdb'; linking object as if no debug info
     1>jpeg.lib(jcsample.obj) : warning LNK4099: PDB 'vc120.pdb' was not found with 'jpeg.lib(jcsample.obj)' or at 'C:\Users\Madmilla\Documents\GitHub\Lazaretto\GUI\x64\Release\vc120.pdb'; linking object as if no debug info
     1>jpeg.lib(jchuff.obj) : warning LNK4099: PDB 'vc120.pdb' was not found with 'jpeg.lib(jchuff.obj)' or at 'C:\Users\Madmilla\Documents\GitHub\Lazaretto\GUI\x64\Release\vc120.pdb'; linking object as if no debug info
     1>jpeg.lib(jidctint.obj) : warning LNK4099: PDB 'vc120.pdb' was not found with 'jpeg.lib(jidctint.obj)' or at 'C:\Users\Madmilla\Documents\GitHub\Lazaretto\GUI\x64\Release\vc120.pdb'; linking object as if no debug info
     1>jpeg.lib(jidctflt.obj) : warning LNK4099: PDB 'vc120.pdb' was not found with 'jpeg.lib(jidctflt.obj)' or at 'C:\Users\Madmilla\Documents\GitHub\Lazaretto\GUI\x64\Release\vc120.pdb'; linking object as if no debug info
     1>jpeg.lib(jidctfst.obj) : warning LNK4099: PDB 'vc120.pdb' was not found with 'jpeg.lib(jidctfst.obj)' or at 'C:\Users\Madmilla\Documents\GitHub\Lazaretto\GUI\x64\Release\vc120.pdb'; linking object as if no debug info
     1>jpeg.lib(jaricom.obj) : warning LNK4099: PDB 'vc120.pdb' was not found with 'jpeg.lib(jaricom.obj)' or at 'C:\Users\Madmilla\Documents\GitHub\Lazaretto\GUI\x64\Release\vc120.pdb'; linking object as if no debug info
     1>jpeg.lib(jfdctint.obj) : warning LNK4099: PDB 'vc120.pdb' was not found with 'jpeg.lib(jfdctint.obj)' or at 'C:\Users\Madmilla\Documents\GitHub\Lazaretto\GUI\x64\Release\vc120.pdb'; linking object as if no debug info
     1>jpeg.lib(jfdctflt.obj) : warning LNK4099: PDB 'vc120.pdb' was not found with 'jpeg.lib(jfdctflt.obj)' or at 'C:\Users\Madmilla\Documents\GitHub\Lazaretto\GUI\x64\Release\vc120.pdb'; linking object as if no debug info
     1>jpeg.lib(jfdctfst.obj) : warning LNK4099: PDB 'vc120.pdb' was not found with 'jpeg.lib(jfdctfst.obj)' or at 'C:\Users\Madmilla\Documents\GitHub\Lazaretto\GUI\x64\Release\vc120.pdb'; linking object as if no debug info
     1>zlib.lib(adler32.obj) : warning LNK4099: PDB 'zlib.pdb' was not found with 'zlib.lib(adler32.obj)' or at 'C:\Users\Madmilla\Documents\GitHub\Lazaretto\GUI\x64\Release\zlib.pdb'; linking object as if no debug info
     1>zlib.lib(crc32.obj) : warning LNK4099: PDB 'zlib.pdb' was not found with 'zlib.lib(crc32.obj)' or at 'C:\Users\Madmilla\Documents\GitHub\Lazaretto\GUI\x64\Release\zlib.pdb'; linking object as if no debug info
     1>zlib.lib(deflate.obj) : warning LNK4099: PDB 'zlib.pdb' was not found with 'zlib.lib(deflate.obj)' or at 'C:\Users\Madmilla\Documents\GitHub\Lazaretto\GUI\x64\Release\zlib.pdb'; linking object as if no debug info
     1>zlib.lib(inflate.obj) : warning LNK4099: PDB 'zlib.pdb' was not found with 'zlib.lib(inflate.obj)' or at 'C:\Users\Madmilla\Documents\GitHub\Lazaretto\GUI\x64\Release\zlib.pdb'; linking object as if no debug info
     1>zlib.lib(inftrees.obj) : warning LNK4099: PDB 'zlib.pdb' was not found with 'zlib.lib(inftrees.obj)' or at 'C:\Users\Madmilla\Documents\GitHub\Lazaretto\GUI\x64\Release\zlib.pdb'; linking object as if no debug info
     1>zlib.lib(inffast.obj) : warning LNK4099: PDB 'zlib.pdb' was not found with 'zlib.lib(inffast.obj)' or at 'C:\Users\Madmilla\Documents\GitHub\Lazaretto\GUI\x64\Release\zlib.pdb'; linking object as if no debug info
     1>zlib.lib(trees.obj) : warning LNK4099: PDB 'zlib.pdb' was not found with 'zlib.lib(trees.obj)' or at 'C:\Users\Madmilla\Documents\GitHub\Lazaretto\GUI\x64\Release\zlib.pdb'; linking object as if no debug info
     1>zlib.lib(zutil.obj) : warning LNK4099: PDB 'zlib.pdb' was not found with 'zlib.lib(zutil.obj)' or at 'C:\Users\Madmilla\Documents\GitHub\Lazaretto\GUI\x64\Release\zlib.pdb'; linking object as if no debug info
         guiApp.vcxproj -> C:\Users\Madmilla\Documents\GitHub\Lazaretto\GUI\x64\Release\guiApp.exe
     1>Done Building Project "C:\Users\Madmilla\Documents\GitHub\Lazaretto\GUI\guiApp\guiApp.vcxproj" (Build target(s)).

Build succeeded.

Time Elapsed 00:00:19.23
