c:\users\madmilla\documents\github\controller\controller\x64\debug\vc120.pdb
c:\users\madmilla\documents\github\controller\controller\x64\debug\vc120.idb
c:\users\madmilla\documents\github\controller\controller\x64\debug\main.obj
c:\users\madmilla\documents\github\controller\controller\x64\debug\example.obj
c:\users\madmilla\documents\github\controller\controller\x64\debug\general.obj
c:\users\madmilla\documents\github\controller\controller\x64\debug\shadow_lighting.obj
c:\users\madmilla\documents\github\controller\x64\debug\controller.exe
c:\users\madmilla\documents\github\controller\x64\debug\controller.pdb
c:\users\madmilla\documents\github\lazaretto\controller\x64\debug\example.obj
c:\users\madmilla\documents\github\lazaretto\controller\x64\debug\main.obj
c:\users\madmilla\documents\github\lazaretto\controller\x64\debug\shadow_lighting.obj
c:\users\madmilla\documents\github\lazaretto\controller\x64\debug\vc120.idb
c:\users\madmilla\documents\github\lazaretto\controller\x64\debug\vc120.pdb
c:\users\madmilla\documents\github\lazaretto\x64\debug\controller.pdb
c:\users\madmilla\documents\github\lazaretto\x64\debug\controller.exe
c:\users\madmilla\documents\github\lazaretto\controller\x64\debug\controller.tlog\cl.command.1.tlog
c:\users\madmilla\documents\github\lazaretto\controller\x64\debug\controller.tlog\cl.read.1.tlog
c:\users\madmilla\documents\github\lazaretto\controller\x64\debug\controller.tlog\cl.write.1.tlog
c:\users\madmilla\documents\github\lazaretto\controller\x64\debug\controller.tlog\link.command.1.tlog
c:\users\madmilla\documents\github\lazaretto\controller\x64\debug\controller.tlog\link.read.1.tlog
c:\users\madmilla\documents\github\lazaretto\controller\x64\debug\controller.tlog\link.write.1.tlog
