c:\users\madmilla\documents\github\lazaretto\gui\guiapp\x64\debug\vc120.pdb
c:\users\madmilla\documents\github\lazaretto\gui\guiapp\x64\debug\opticalcharacterrecognition2.obj
c:\users\madmilla\documents\github\lazaretto\gui\guiapp\x64\debug\ocr2_tictactoeocr.obj
c:\users\madmilla\documents\github\lazaretto\gui\guiapp\x64\debug\ocr2_staticocr2.obj
c:\users\madmilla\documents\github\lazaretto\gui\guiapp\x64\debug\ocr2_staticocr.obj
c:\users\madmilla\documents\github\lazaretto\gui\guiapp\x64\debug\ocr2_segmentation.obj
c:\users\madmilla\documents\github\lazaretto\gui\guiapp\x64\debug\ocr2_intersectionocr.obj
c:\users\madmilla\documents\github\lazaretto\gui\guiapp\x64\debug\ocr2_imageresizer.obj
c:\users\madmilla\documents\github\lazaretto\gui\guiapp\x64\debug\ocr2_histogramocr.obj
c:\users\madmilla\documents\github\lazaretto\gui\guiapp\x64\debug\ocr2_histogram.obj
c:\users\madmilla\documents\github\lazaretto\gui\guiapp\x64\debug\filedata.obj
c:\users\madmilla\documents\github\lazaretto\gui\guiapp\x64\debug\splitlicenseplate.obj
c:\users\madmilla\documents\github\lazaretto\gui\guiapp\x64\debug\ocrpatternmatching.obj
c:\users\madmilla\documents\github\lazaretto\gui\guiapp\x64\debug\myform.obj
c:\users\madmilla\documents\github\lazaretto\gui\guiapp\x64\debug\main.obj
c:\users\madmilla\documents\github\lazaretto\gui\guiapp\x64\debug\yellowcolorfilter.obj
c:\users\madmilla\documents\github\lazaretto\gui\guiapp\x64\debug\localization.obj
c:\users\madmilla\documents\github\lazaretto\gui\guiapp\x64\debug\blobdetection.obj
c:\users\madmilla\documents\github\lazaretto\gui\guiapp\x64\debug\blobcheck.obj
c:\users\madmilla\documents\github\lazaretto\gui\guiapp\x64\debug\blob.obj
c:\users\madmilla\documents\github\lazaretto\gui\guiapp\x64\debug\controller.obj
c:\users\madmilla\documents\github\lazaretto\gui\guiapp\x64\debug\general.obj
c:\users\madmilla\documents\github\lazaretto\gui\guiapp\x64\debug\stopwatch.obj
c:\users\madmilla\documents\github\lazaretto\gui\guiapp\x64\debug\shadow_lighting.obj
c:\users\madmilla\documents\github\lazaretto\gui\guiapp\x64\debug\shadowtest.obj
c:\users\madmilla\documents\github\lazaretto\gui\guiapp\x64\debug\removelight.obj
c:\users\madmilla\documents\github\lazaretto\gui\guiapp\x64\debug\overexposure_test.obj
c:\users\madmilla\documents\github\lazaretto\gui\guiapp\x64\debug\thresholddetermination.obj
c:\users\madmilla\documents\github\lazaretto\gui\guiapp\x64\debug\matrix6x6.obj
c:\users\madmilla\documents\github\lazaretto\gui\guiapp\x64\debug\matrix.obj
c:\users\madmilla\documents\github\lazaretto\gui\guiapp\x64\debug\imagetransform.obj
c:\users\madmilla\documents\github\lazaretto\gui\guiapp\x64\debug\imagecorrection.obj
c:\users\madmilla\documents\github\lazaretto\gui\guiapp\x64\debug\calchorizonline.obj
c:\users\madmilla\documents\github\lazaretto\gui\guiapp\x64\debug\trainingsmanager.obj
c:\users\madmilla\documents\github\lazaretto\gui\guiapp\x64\debug\traindata.obj
c:\users\madmilla\documents\github\lazaretto\gui\guiapp\x64\debug\neuronlayer.obj
c:\users\madmilla\documents\github\lazaretto\gui\guiapp\x64\debug\neuralnetworkocr.obj
c:\users\madmilla\documents\github\lazaretto\gui\guiapp\x64\debug\neuralnetwork.obj
c:\users\madmilla\documents\github\lazaretto\gui\guiapp\x64\debug\imagelist.obj
c:\users\madmilla\documents\github\lazaretto\gui\guiapp\x64\debug\checkpatterns.obj
c:\users\madmilla\documents\github\lazaretto\gui\guiapp\x64\debug\.netframework,version=v4.5.assemblyattributes.obj
c:\users\madmilla\documents\github\lazaretto\gui\guiapp\x64\debug\guiapp.myform.resources
c:\users\madmilla\documents\github\lazaretto\gui\x64\debug\guiapp.exe
c:\users\madmilla\documents\github\lazaretto\gui\x64\debug\guiapp.pdb
c:\users\madmilla\documents\github\lazaretto\gui\guiapp\x64\debug\guiapp.vcxproj.generateresource.cache
c:\users\madmilla\documents\github\lazaretto\gui\guiapp\x64\debug\guiapp.tlog\cl.command.1.tlog
c:\users\madmilla\documents\github\lazaretto\gui\guiapp\x64\debug\guiapp.tlog\cl.read.1.tlog
c:\users\madmilla\documents\github\lazaretto\gui\guiapp\x64\debug\guiapp.tlog\cl.write.1.tlog
c:\users\madmilla\documents\github\lazaretto\gui\guiapp\x64\debug\guiapp.tlog\guiapp.write.1u.tlog
c:\users\madmilla\documents\github\lazaretto\gui\guiapp\x64\debug\guiapp.tlog\link.command.1.tlog
c:\users\madmilla\documents\github\lazaretto\gui\guiapp\x64\debug\guiapp.tlog\link.read.1.tlog
c:\users\madmilla\documents\github\lazaretto\gui\guiapp\x64\debug\guiapp.tlog\link.write.1.tlog
c:\users\madmilla\documents\github\lazaretto\gui\guiapp\x64\debug\guiapp.tlog\metagen.read.1.tlog
c:\users\madmilla\documents\github\lazaretto\gui\guiapp\x64\debug\guiapp.tlog\metagen.write.1.tlog
c:\users\madmilla\documents\github\lazaretto\gui\guiapp\x64\debug\guiapp.tlog\rsaenh.dll.bi
c:\users\madmilla\documents\github\lazaretto\gui\guiapp\x64\debug\guiapp.tlog\tzres.dll.bi
